<?xml version="1.0" encoding="UTF-8"?>
<!-- Generated by org.testng.reporters.JUnitReportReporter -->
<testsuite hostname="DESKTOP-OTFII76" failures="0" tests="1" name="com.lao.Interview.Login" time="30.479" errors="0" timestamp="2025-04-13T15:41:45 IST" skipped="0">
  <testcase classname="com.lao.Interview.Login" name="testLoggingIntoApplication" time="30.479"/>
</testsuite> <!-- com.lao.Interview.Login -->
